<?xml version="1.0" encoding="UTF-8"?>
<!-- Generated by org.testng.reporters.JUnitXMLReporter -->
<testsuite hostname="DESKTOP-A64JQFL" ignored="2" name="smoke" tests="2" failures="0" timestamp="29 Jul 2018 17:09:01 GMT" time="11.856" errors="0">
  <testcase name="test" time="0.006" classname="com.healthdata.tests.searchTest"/>
  <testcase name="InvalidSearchTermInSearchBox" time="0.609" classname="com.healthdata.tests.InvalidSearch"/>
  <testcase name="@AfterSuite tearDownTest" time="0.0" classname="com.healthdata.tests.TestBase">
    <ignored/>
  </testcase> <!-- @AfterSuite tearDownTest -->
  <testcase name="@BeforeSuite setUpTest" time="0.0" classname="com.healthdata.tests.TestBase">
    <ignored/>
  </testcase> <!-- @BeforeSuite setUpTest -->
</testsuite> <!-- smoke -->
