<?xml version="1.0" encoding="UTF-8"?>
<!-- Generated by org.testng.reporters.JUnitXMLReporter -->
<testsuite hostname="Asanbais-Air" ignored="6" name="Smoke Tests" tests="4" failures="0" timestamp="30 Jul 2018 20:14:20 GMT" time="28.491" errors="0">
  <testcase name="test" time="1.565" classname="gov.healthdata.tests.searchTest"/>
  <testcase name="InvalidSearchTermInSearchBox" time="0.632" classname="gov.healthdata.tests.InvalidSearch"/>
  <testcase name="sortTest" time="0.832" classname="gov.healthdata.tests.verfiySort"/>
  <testcase name="feedBackTest" time="7.985" classname="gov.healthdata.tests.FeedBackSubmition"/>
  <testcase name="@AfterSuite tearDownTest" time="0.0" classname="gov.healthdata.tests.TestBase">
    <ignored/>
  </testcase> <!-- @AfterSuite tearDownTest -->
  <testcase name="@AfterSuite tearDownTest" time="0.0" classname="gov.healthdata.tests.TestBase">
    <ignored/>
  </testcase> <!-- @AfterSuite tearDownTest -->
  <testcase name="@AfterSuite tearDownTest" time="0.0" classname="gov.healthdata.tests.TestBase">
    <ignored/>
  </testcase> <!-- @AfterSuite tearDownTest -->
  <testcase name="@BeforeSuite setUpTest" time="0.0" classname="gov.healthdata.tests.TestBase">
    <ignored/>
  </testcase> <!-- @BeforeSuite setUpTest -->
  <testcase name="@BeforeSuite setUpTest" time="0.0" classname="gov.healthdata.tests.TestBase">
    <ignored/>
  </testcase> <!-- @BeforeSuite setUpTest -->
  <testcase name="@BeforeSuite setUpTest" time="0.0" classname="gov.healthdata.tests.TestBase">
    <ignored/>
  </testcase> <!-- @BeforeSuite setUpTest -->
</testsuite> <!-- Smoke Tests -->
