<?xml version="1.0" encoding="UTF-8"?>
<testng-results skipped="0" failed="0" ignored="0" total="1" passed="1">
  <reporter-output>
  </reporter-output>
  <suite name="Default suite" duration-ms="7023" started-at="2018-07-29T17:02:53Z" finished-at="2018-07-29T17:03:00Z">
    <groups>
      <group name="smoke">
        <method signature="searchTest.test()[pri:0, instance:com.healthdata.tests.searchTest@55d56113]" name="test" class="com.healthdata.tests.searchTest"/>
      </group> <!-- smoke -->
    </groups>
    <test name="Default test" duration-ms="7023" started-at="2018-07-29T17:02:53Z" finished-at="2018-07-29T17:03:00Z">
      <class name="com.healthdata.tests.searchTest">
        <test-method status="PASS" signature="setUpTest()[pri:0, instance:com.healthdata.tests.searchTest@55d56113]" name="setUpTest" is-config="true" duration-ms="234" started-at="2018-07-29T17:02:53Z" finished-at="2018-07-29T17:02:53Z">
          <reporter-output>
          </reporter-output>
        </test-method> <!-- setUpTest -->
        <test-method status="PASS" signature="setUp()[pri:0, instance:com.healthdata.tests.searchTest@55d56113]" name="setUp" is-config="true" duration-ms="6218" started-at="2018-07-29T17:02:53Z" finished-at="2018-07-29T17:02:59Z">
          <reporter-output>
          </reporter-output>
        </test-method> <!-- setUp -->
        <test-method status="PASS" signature="test()[pri:0, instance:com.healthdata.tests.searchTest@55d56113]" name="test" duration-ms="7" started-at="2018-07-29T17:02:59Z" finished-at="2018-07-29T17:02:59Z">
          <reporter-output>
          </reporter-output>
        </test-method> <!-- test -->
        <test-method status="PASS" signature="tearDown(org.testng.ITestResult)[pri:0, instance:com.healthdata.tests.searchTest@55d56113]" name="tearDown" is-config="true" duration-ms="772" started-at="2018-07-29T17:02:59Z" finished-at="2018-07-29T17:03:00Z">
          <params>
            <param index="0">
              <value>
                <![CDATA[[TestResult name=test status=SUCCESS method=searchTest.test()[pri:0, instance:com.healthdata.tests.searchTest@55d56113] output={null}]]]>
              </value>
            </param>
          </params>
          <reporter-output>
          </reporter-output>
        </test-method> <!-- tearDown -->
        <test-method status="PASS" signature="tearDownTest()[pri:0, instance:com.healthdata.tests.searchTest@55d56113]" name="tearDownTest" is-config="true" duration-ms="1" started-at="2018-07-29T17:03:00Z" finished-at="2018-07-29T17:03:00Z">
          <reporter-output>
          </reporter-output>
        </test-method> <!-- tearDownTest -->
      </class> <!-- com.healthdata.tests.searchTest -->
    </test> <!-- Default test -->
  </suite> <!-- Default suite -->
</testng-results>
